Info: Starting: Create block symbol file (.bsf)
Info: ip-generate --project-directory=C:/Users/Windows/Dropbox/Proyecto_Javieres/FPGA_proyectos/Verilog/niosii/ --output-directory=C:/Users/Windows/Dropbox/Proyecto_Javieres/FPGA_proyectos/Verilog/niosii/nios_qsys_file/ --report-file=bsf:C:/Users/Windows/Dropbox/Proyecto_Javieres/FPGA_proyectos/Verilog/niosii/nios_qsys_file.bsf --system-info=DEVICE_FAMILY="Cyclone II" --system-info=DEVICE=Unknown --system-info=DEVICE_SPEEDGRADE=Unknown --component-file=C:/Users/Windows/Dropbox/Proyecto_Javieres/FPGA_proyectos/Verilog/niosii/nios_qsys_file.qsys
Progress: Loading niosii/nios_qsys_file.qsys
Progress: Reading input file
Progress: Adding clk_0 [clock_source 13.0]
Progress: Parameterizing module clk_0
Progress: Adding nios2_qsys_0 [altera_nios2_qsys 13.0]
Progress: Parameterizing module nios2_qsys_0
Progress: Adding onchip_memory2_0 [altera_avalon_onchip_memory2 13.0.1.99.2]
Progress: Parameterizing module onchip_memory2_0
Progress: Adding jtag_uart_0 [altera_avalon_jtag_uart 13.0.1.99.2]
Progress: Parameterizing module jtag_uart_0
Progress: Adding pio_0 [altera_avalon_pio 13.0.1.99.2]
Progress: Parameterizing module pio_0
Progress: Adding pio_1 [altera_avalon_pio 13.0.1.99.2]
Progress: Parameterizing module pio_1
Progress: Adding pio_2 [altera_avalon_pio 13.0.1.99.2]
Progress: Parameterizing module pio_2
Progress: Building connections
Progress: Parameterizing connections
Progress: Validating
Progress: Done reading input file
Warning: nios_qsys_file.jtag_uart_0: jtag_uart_0.avalon_jtag_slave must be connected to an Avalon-MM master
Info: ip-generate succeeded.
Info: Finished: Create block symbol file (.bsf)
Info: 
Info: Starting: Create HDL design files for synthesis
Info: ip-generate --project-directory=C:/Users/Windows/Dropbox/Proyecto_Javieres/FPGA_proyectos/Verilog/niosii/ --output-directory=C:/Users/Windows/Dropbox/Proyecto_Javieres/FPGA_proyectos/Verilog/niosii/nios_qsys_file/synthesis/ --file-set=QUARTUS_SYNTH --report-file=sopcinfo:C:/Users/Windows/Dropbox/Proyecto_Javieres/FPGA_proyectos/Verilog/niosii/nios_qsys_file.sopcinfo --report-file=html:C:/Users/Windows/Dropbox/Proyecto_Javieres/FPGA_proyectos/Verilog/niosii/nios_qsys_file.html --report-file=qip:C:/Users/Windows/Dropbox/Proyecto_Javieres/FPGA_proyectos/Verilog/niosii/nios_qsys_file/synthesis/nios_qsys_file.qip --report-file=cmp:C:/Users/Windows/Dropbox/Proyecto_Javieres/FPGA_proyectos/Verilog/niosii/nios_qsys_file.cmp --report-file=svd --system-info=DEVICE_FAMILY="Cyclone II" --system-info=DEVICE=Unknown --system-info=DEVICE_SPEEDGRADE=Unknown --component-file=C:/Users/Windows/Dropbox/Proyecto_Javieres/FPGA_proyectos/Verilog/niosii/nios_qsys_file.qsys --language=VERILOG
Progress: Loading niosii/nios_qsys_file.qsys
Progress: Reading input file
Progress: Adding clk_0 [clock_source 13.0]
Progress: Parameterizing module clk_0
Progress: Adding nios2_qsys_0 [altera_nios2_qsys 13.0]
Progress: Parameterizing module nios2_qsys_0
Progress: Adding onchip_memory2_0 [altera_avalon_onchip_memory2 13.0.1.99.2]
Progress: Parameterizing module onchip_memory2_0
Progress: Adding jtag_uart_0 [altera_avalon_jtag_uart 13.0.1.99.2]
Progress: Parameterizing module jtag_uart_0
Progress: Adding pio_0 [altera_avalon_pio 13.0.1.99.2]
Progress: Parameterizing module pio_0
Progress: Adding pio_1 [altera_avalon_pio 13.0.1.99.2]
Progress: Parameterizing module pio_1
Progress: Adding pio_2 [altera_avalon_pio 13.0.1.99.2]
Progress: Parameterizing module pio_2
Progress: Building connections
Progress: Parameterizing connections
Progress: Validating
Progress: Done reading input file
Warning: nios_qsys_file.jtag_uart_0: jtag_uart_0.avalon_jtag_slave must be connected to an Avalon-MM master
Info: nios_qsys_file: Generating nios_qsys_file "nios_qsys_file" for QUARTUS_SYNTH
Info: pipeline_bridge_swap_transform: After transform: 7 modules, 20 connections
Info: No custom instruction connections, skipping transform 
Info: merlin_translator_transform: After transform: 14 modules, 41 connections
Info: merlin_domain_transform: After transform: 27 modules, 108 connections
Info: merlin_router_transform: After transform: 34 modules, 129 connections
Info: reset_adaptation_transform: After transform: 35 modules, 131 connections
Info: merlin_network_to_switch_transform: After transform: 48 modules, 159 connections
Info: merlin_mm_transform: After transform: 48 modules, 159 connections
Info: merlin_interrupt_mapper_transform: After transform: 49 modules, 162 connections
Warning: nios_qsys_file: "No matching role found for rst_controller:reset_out:reset_req (reset_req)"
Warning: nios_qsys_file: "No matching role found for rst_controller:reset_out:reset_req (reset_req)"
Warning: nios_qsys_file: "No matching role found for rst_controller:reset_out:reset_req (reset_req)"
Warning: nios_qsys_file: "No matching role found for rst_controller:reset_out:reset_req (reset_req)"
Warning: nios_qsys_file: "No matching role found for rst_controller:reset_out:reset_req (reset_req)"
Warning: nios_qsys_file: "No matching role found for rst_controller:reset_out:reset_req (reset_req)"
Warning: nios_qsys_file: "No matching role found for rst_controller:reset_out:reset_req (reset_req)"
Warning: nios_qsys_file: "No matching role found for rst_controller:reset_out:reset_req (reset_req)"
Warning: nios_qsys_file: "No matching role found for rst_controller:reset_out:reset_req (reset_req)"
Warning: nios_qsys_file: "No matching role found for rst_controller:reset_out:reset_req (reset_req)"
Warning: nios_qsys_file: "No matching role found for rst_controller:reset_out:reset_req (reset_req)"
Warning: nios_qsys_file: "No matching role found for rst_controller:reset_out:reset_req (reset_req)"
Warning: nios_qsys_file: "No matching role found for rst_controller:reset_out:reset_req (reset_req)"
Warning: nios_qsys_file: "No matching role found for rst_controller:reset_out:reset_req (reset_req)"
Warning: nios_qsys_file: "No matching role found for rst_controller:reset_out:reset_req (reset_req)"
Warning: nios_qsys_file: "No matching role found for rst_controller:reset_out:reset_req (reset_req)"
Warning: nios_qsys_file: "No matching role found for rst_controller:reset_out:reset_req (reset_req)"
Warning: nios_qsys_file: "No matching role found for rst_controller:reset_out:reset_req (reset_req)"
Warning: nios_qsys_file: "No matching role found for rst_controller:reset_out:reset_req (reset_req)"
Warning: nios_qsys_file: "No matching role found for rst_controller:reset_out:reset_req (reset_req)"
Warning: nios_qsys_file: "No matching role found for rst_controller:reset_out:reset_req (reset_req)"
Warning: nios_qsys_file: "No matching role found for rst_controller:reset_out:reset_req (reset_req)"
Warning: nios_qsys_file: "No matching role found for rst_controller:reset_out:reset_req (reset_req)"
Warning: nios_qsys_file: "No matching role found for rst_controller:reset_out:reset_req (reset_req)"
Warning: nios_qsys_file: "No matching role found for rst_controller:reset_out:reset_req (reset_req)"
Warning: nios_qsys_file: "No matching role found for rst_controller:reset_out:reset_req (reset_req)"
Warning: nios_qsys_file: "No matching role found for rst_controller:reset_out:reset_req (reset_req)"
Warning: nios_qsys_file: "No matching role found for rst_controller:reset_out:reset_req (reset_req)"
Warning: nios_qsys_file: "No matching role found for rst_controller:reset_out:reset_req (reset_req)"
Warning: nios_qsys_file: "No matching role found for rst_controller:reset_out:reset_req (reset_req)"
Warning: nios_qsys_file: "No matching role found for rst_controller:reset_out:reset_req (reset_req)"
Warning: nios_qsys_file: "No matching role found for rst_controller:reset_out:reset_req (reset_req)"
Warning: nios_qsys_file: "No matching role found for rst_controller:reset_out:reset_req (reset_req)"
Warning: nios_qsys_file: "No matching role found for rst_controller:reset_out:reset_req (reset_req)"
Warning: nios_qsys_file: "No matching role found for rst_controller:reset_out:reset_req (reset_req)"
Warning: nios_qsys_file: "No matching role found for rst_controller:reset_out:reset_req (reset_req)"
Warning: nios_qsys_file: "No matching role found for rst_controller:reset_out:reset_req (reset_req)"
Warning: nios_qsys_file: "No matching role found for rst_controller:reset_out:reset_req (reset_req)"
Warning: nios_qsys_file: "No matching role found for rst_controller:reset_out:reset_req (reset_req)"
Warning: nios_qsys_file: "No matching role found for rst_controller:reset_out:reset_req (reset_req)"
Warning: nios_qsys_file: "No matching role found for rst_controller:reset_out:reset_req (reset_req)"
Warning: nios_qsys_file: "No matching role found for rst_controller:reset_out:reset_req (reset_req)"
Warning: nios_qsys_file: "No matching role found for rst_controller:reset_out:reset_req (reset_req)"
Warning: nios_qsys_file: "No matching role found for rst_controller:reset_out:reset_req (reset_req)"
Warning: nios_qsys_file: "No matching role found for rst_controller:reset_out:reset_req (reset_req)"
Warning: nios_qsys_file: "No matching role found for rst_controller:reset_out:reset_req (reset_req)"
Info: nios2_qsys_0: Starting RTL generation for module 'nios_qsys_file_nios2_qsys_0'
Info: nios2_qsys_0:   Generation command is [exec C:/altera/13.0sp1/quartus/../ip/altera/nios2_ip/altera_nios2/eperl.exe -I C:/altera/13.0sp1/quartus/common/ip/altera/common/perl/5.8.3 -I C:/altera/13.0sp1/quartus/sopc_builder/bin/europa -I C:/altera/13.0sp1/quartus/sopc_builder/bin/perl_lib -I C:/altera/13.0sp1/quartus/sopc_builder/bin -I C:/altera/13.0sp1/quartus/../ip/altera/nios2_ip/altera_nios2/cpu_lib -I C:/altera/13.0sp1/quartus/../ip/altera/nios2_ip/altera_nios2/nios_lib -I C:/altera/13.0sp1/quartus/../ip/altera/nios2_ip/altera_nios2 -I C:/altera/13.0sp1/quartus/../ip/altera/nios2_ip/altera_nios2 -- C:/altera/13.0sp1/quartus/../ip/altera/nios2_ip/altera_nios2/generate_rtl.epl --name=nios_qsys_file_nios2_qsys_0 --dir=C:/Users/Windows/AppData/Local/Temp/alt7432_4794004657831705133.dir/0001_nios2_qsys_0_gen/ --quartus_dir=C:/altera/13.0sp1/quartus --verilog --config=C:/Users/Windows/AppData/Local/Temp/alt7432_4794004657831705133.dir/0001_nios2_qsys_0_gen//nios_qsys_file_nios2_qsys_0_processor_configuration.pl  --do_build_sim=0    --bogus  ]
Info: nios2_qsys_0: # 2017.09.23 20:19:17 (*) Starting Nios II generation
Info: nios2_qsys_0: # 2017.09.23 20:19:17 (*)   Checking for plaintext license.
Info: nios2_qsys_0: # 2017.09.23 20:19:17 (*)   Couldn't query license setup in Quartus directory C:/altera/13.0sp1/quartus
Info: nios2_qsys_0: # 2017.09.23 20:19:17 (*)   Defaulting to contents of LM_LICENSE_FILE environment variable
Info: nios2_qsys_0: # 2017.09.23 20:19:17 (*)   LM_LICENSE_FILE environment variable is empty
Info: nios2_qsys_0: # 2017.09.23 20:19:17 (*)   Plaintext license not found.
Info: nios2_qsys_0: # 2017.09.23 20:19:17 (*)   No license required to generate encrypted Nios II/e.
Info: nios2_qsys_0: # 2017.09.23 20:19:17 (*)   Elaborating CPU configuration settings
Info: nios2_qsys_0: # 2017.09.23 20:19:17 (*)   Creating all objects for CPU
Info: nios2_qsys_0: # 2017.09.23 20:19:19 (*)   Generating RTL from CPU objects
Info: nios2_qsys_0: # 2017.09.23 20:19:19 (*)   Creating plain-text RTL
Info: nios2_qsys_0: # 2017.09.23 20:19:21 (*) Done Nios II generation
Info: nios2_qsys_0: Done RTL generation for module 'nios_qsys_file_nios2_qsys_0'
Info: nios2_qsys_0: "nios_qsys_file" instantiated altera_nios2_qsys "nios2_qsys_0"
Info: onchip_memory2_0: Starting RTL generation for module 'nios_qsys_file_onchip_memory2_0'
Info: onchip_memory2_0:   Generation command is [exec C:/altera/13.0sp1/quartus/bin/perl/bin/perl.exe -I C:/altera/13.0sp1/quartus/common/ip/altera/common/perl/5.8.3 -I C:/altera/13.0sp1/quartus/sopc_builder/bin/europa -I C:/altera/13.0sp1/quartus/sopc_builder/bin/perl_lib -I C:/altera/13.0sp1/quartus/sopc_builder/bin -I C:/altera/13.0sp1/quartus/../ip/altera/sopc_builder_ip/common -I C:/altera/13.0sp1/quartus/../ip/altera/sopc_builder_ip/altera_avalon_onchip_memory2 -- C:/altera/13.0sp1/quartus/../ip/altera/sopc_builder_ip/altera_avalon_onchip_memory2/generate_rtl.pl --name=nios_qsys_file_onchip_memory2_0 --dir=C:/Users/Windows/AppData/Local/Temp/alt7432_4794004657831705133.dir/0002_onchip_memory2_0_gen/ --quartus_dir=C:/altera/13.0sp1/quartus --verilog --config=C:/Users/Windows/AppData/Local/Temp/alt7432_4794004657831705133.dir/0002_onchip_memory2_0_gen//nios_qsys_file_onchip_memory2_0_component_configuration.pl  --do_build_sim=0  ]
Info: onchip_memory2_0: Done RTL generation for module 'nios_qsys_file_onchip_memory2_0'
Info: onchip_memory2_0: "nios_qsys_file" instantiated altera_avalon_onchip_memory2 "onchip_memory2_0"
Info: jtag_uart_0: Starting RTL generation for module 'nios_qsys_file_jtag_uart_0'
Info: jtag_uart_0:   Generation command is [exec C:/altera/13.0sp1/quartus/bin/perl/bin/perl.exe -I C:/altera/13.0sp1/quartus/common/ip/altera/common/perl/5.8.3 -I C:/altera/13.0sp1/quartus/sopc_builder/bin/europa -I C:/altera/13.0sp1/quartus/sopc_builder/bin/perl_lib -I C:/altera/13.0sp1/quartus/sopc_builder/bin -I C:/altera/13.0sp1/quartus/../ip/altera/sopc_builder_ip/common -I C:/altera/13.0sp1/quartus/../ip/altera/sopc_builder_ip/altera_avalon_jtag_uart -- C:/altera/13.0sp1/quartus/../ip/altera/sopc_builder_ip/altera_avalon_jtag_uart/generate_rtl.pl --name=nios_qsys_file_jtag_uart_0 --dir=C:/Users/Windows/AppData/Local/Temp/alt7432_4794004657831705133.dir/0003_jtag_uart_0_gen/ --quartus_dir=C:/altera/13.0sp1/quartus --verilog --config=C:/Users/Windows/AppData/Local/Temp/alt7432_4794004657831705133.dir/0003_jtag_uart_0_gen//nios_qsys_file_jtag_uart_0_component_configuration.pl  --do_build_sim=0  ]
Info: jtag_uart_0: Done RTL generation for module 'nios_qsys_file_jtag_uart_0'
Info: jtag_uart_0: "nios_qsys_file" instantiated altera_avalon_jtag_uart "jtag_uart_0"
Info: pio_0: Starting RTL generation for module 'nios_qsys_file_pio_0'
Info: pio_0:   Generation command is [exec C:/altera/13.0sp1/quartus/bin/perl/bin/perl.exe -I C:/altera/13.0sp1/quartus/common/ip/altera/common/perl/5.8.3 -I C:/altera/13.0sp1/quartus/sopc_builder/bin/europa -I C:/altera/13.0sp1/quartus/sopc_builder/bin/perl_lib -I C:/altera/13.0sp1/quartus/sopc_builder/bin -I C:/altera/13.0sp1/quartus/../ip/altera/sopc_builder_ip/common -I C:/altera/13.0sp1/quartus/../ip/altera/sopc_builder_ip/altera_avalon_pio -- C:/altera/13.0sp1/quartus/../ip/altera/sopc_builder_ip/altera_avalon_pio/generate_rtl.pl --name=nios_qsys_file_pio_0 --dir=C:/Users/Windows/AppData/Local/Temp/alt7432_4794004657831705133.dir/0004_pio_0_gen/ --quartus_dir=C:/altera/13.0sp1/quartus --verilog --config=C:/Users/Windows/AppData/Local/Temp/alt7432_4794004657831705133.dir/0004_pio_0_gen//nios_qsys_file_pio_0_component_configuration.pl  --do_build_sim=0  ]
Info: pio_0: Done RTL generation for module 'nios_qsys_file_pio_0'
Info: pio_0: "nios_qsys_file" instantiated altera_avalon_pio "pio_0"
Info: nios2_qsys_0_instruction_master_translator: "nios_qsys_file" instantiated altera_merlin_master_translator "nios2_qsys_0_instruction_master_translator"
Info: nios2_qsys_0_jtag_debug_module_translator: "nios_qsys_file" instantiated altera_merlin_slave_translator "nios2_qsys_0_jtag_debug_module_translator"
Info: nios2_qsys_0_instruction_master_translator_avalon_universal_master_0_agent: "nios_qsys_file" instantiated altera_merlin_master_agent "nios2_qsys_0_instruction_master_translator_avalon_universal_master_0_agent"
Info: nios2_qsys_0_jtag_debug_module_translator_avalon_universal_slave_0_agent: "nios_qsys_file" instantiated altera_merlin_slave_agent "nios2_qsys_0_jtag_debug_module_translator_avalon_universal_slave_0_agent"
Info: nios2_qsys_0_jtag_debug_module_translator_avalon_universal_slave_0_agent_rsp_fifo: "nios_qsys_file" instantiated altera_avalon_sc_fifo "nios2_qsys_0_jtag_debug_module_translator_avalon_universal_slave_0_agent_rsp_fifo"
Info: addr_router: "nios_qsys_file" instantiated altera_merlin_router "addr_router"
Info: addr_router_001: "nios_qsys_file" instantiated altera_merlin_router "addr_router_001"
Info: id_router: "nios_qsys_file" instantiated altera_merlin_router "id_router"
Info: id_router_002: "nios_qsys_file" instantiated altera_merlin_router "id_router_002"
Info: rst_controller: "nios_qsys_file" instantiated altera_reset_controller "rst_controller"
Info: cmd_xbar_demux: "nios_qsys_file" instantiated altera_merlin_demultiplexer "cmd_xbar_demux"
Info: cmd_xbar_demux_001: "nios_qsys_file" instantiated altera_merlin_demultiplexer "cmd_xbar_demux_001"
Info: cmd_xbar_mux: "nios_qsys_file" instantiated altera_merlin_multiplexer "cmd_xbar_mux"
Info: rsp_xbar_demux_002: "nios_qsys_file" instantiated altera_merlin_demultiplexer "rsp_xbar_demux_002"
Info: rsp_xbar_mux: "nios_qsys_file" instantiated altera_merlin_multiplexer "rsp_xbar_mux"
Info: Reusing file C:/Users/Windows/Dropbox/Proyecto_Javieres/FPGA_proyectos/Verilog/niosii/nios_qsys_file/synthesis/submodules/altera_merlin_arbitrator.sv
Info: rsp_xbar_mux_001: "nios_qsys_file" instantiated altera_merlin_multiplexer "rsp_xbar_mux_001"
Info: Reusing file C:/Users/Windows/Dropbox/Proyecto_Javieres/FPGA_proyectos/Verilog/niosii/nios_qsys_file/synthesis/submodules/altera_merlin_arbitrator.sv
Info: irq_mapper: "nios_qsys_file" instantiated altera_irq_mapper "irq_mapper"
Info: nios_qsys_file: Done nios_qsys_file" with 22 modules, 65 files, 1231946 bytes
Info: ip-generate succeeded.
Info: Finished: Create HDL design files for synthesis
